/home/user/.sdkman/candidates/java/17.0.11-kona/bin/java -javaagent:/home/user/ideaIU-2024.1.4/idea-IU-241.18034.62/lib/idea_rt.jar=42197:/home/user/ideaIU-2024.1.4/idea-IU-241.18034.62/bin -Dfile.encoding=UTF-8 -classpath /home/user/IdeaProjects/test/target/classes:/home/user/.m2/repository/org/openjdk/jmh/jmh-core/1.23/jmh-core-1.23.jar:/home/user/.m2/repository/net/sf/jopt-simple/jopt-simple/4.6/jopt-simple-4.6.jar:/home/user/.m2/repository/org/apache/commons/commons-math3/3.2/commons-math3-3.2.jar:/home/user/.m2/repository/org/openjdk/jmh/jmh-generator-annprocess/1.23/jmh-generator-annprocess-1.23.jar org.example.TLSCipherSuiteBenchmark
# JMH version: 1.23
# VM version: JDK 17.0.11, OpenJDK 64-Bit Server VM, 17.0.11+1-LTS
# VM invoker: /home/user/.sdkman/candidates/java/17.0.11-kona/bin/java
# VM options: -javaagent:/home/user/ideaIU-2024.1.4/idea-IU-241.18034.62/lib/idea_rt.jar=42197:/home/user/ideaIU-2024.1.4/idea-IU-241.18034.62/bin -Dfile.encoding=UTF-8
# Warmup: 5 iterations, 10 s each
# Measurement: 5 iterations, 10 s each
# Timeout: 10 min per iteration
# Threads: 1 thread, will synchronize iterations
# Benchmark mode: Average time, time/op
# Benchmark: org.example.TLSCipherSuiteBenchmark.testECDHECPUUsage

# Run progress: 0.00% complete, ETA 00:13:20
# Fork: 1 of 1
# Warmup Iteration   1: 162.308 ms/op
# Warmup Iteration   2: 148.997 ms/op
# Warmup Iteration   3: 143.873 ms/op
# Warmup Iteration   4: 154.865 ms/op
# Warmup Iteration   5: 154.276 ms/op
Iteration   1: 145.083 ms/op
Iteration   2: 142.407 ms/op
Iteration   3: 152.421 ms/op
Iteration   4: 148.480 ms/op
Iteration   5: 1022.924 ms/op


Result "org.example.TLSCipherSuiteBenchmark.testECDHECPUUsage":
  322.263 ±(99.9%) 1508.296 ms/op [Average]
  (min, avg, max) = (142.407, 322.263, 1022.924), stdev = 391.700
  CI (99.9%): [≈ 0, 1830.559] (assumes normal distribution)


# JMH version: 1.23
# VM version: JDK 17.0.11, OpenJDK 64-Bit Server VM, 17.0.11+1-LTS
# VM invoker: /home/user/.sdkman/candidates/java/17.0.11-kona/bin/java
# VM options: -javaagent:/home/user/ideaIU-2024.1.4/idea-IU-241.18034.62/lib/idea_rt.jar=42197:/home/user/ideaIU-2024.1.4/idea-IU-241.18034.62/bin -Dfile.encoding=UTF-8
# Warmup: 5 iterations, 10 s each
# Measurement: 5 iterations, 10 s each
# Timeout: 10 min per iteration
# Threads: 1 thread, will synchronize iterations
# Benchmark mode: Average time, time/op
# Benchmark: org.example.TLSCipherSuiteBenchmark.testECDHEConnection

# Run progress: 12.50% complete, ETA 00:13:38
# Fork: 1 of 1
# Warmup Iteration   1: 3628.918 ms/op
# Warmup Iteration   2: 774.497 ms/op
# Warmup Iteration   3: 211.059 ms/op
# Warmup Iteration   4: 143.495 ms/op
# Warmup Iteration   5: 176.637 ms/op
Iteration   1: 142.544 ms/op
Iteration   2: 141.444 ms/op
Iteration   3: 141.223 ms/op
Iteration   4: 143.763 ms/op
Iteration   5: 141.659 ms/op


Result "org.example.TLSCipherSuiteBenchmark.testECDHEConnection":
  142.127 ±(99.9%) 4.017 ms/op [Average]
  (min, avg, max) = (141.223, 142.127, 143.763), stdev = 1.043
  CI (99.9%): [138.109, 146.144] (assumes normal distribution)


# JMH version: 1.23
# VM version: JDK 17.0.11, OpenJDK 64-Bit Server VM, 17.0.11+1-LTS
# VM invoker: /home/user/.sdkman/candidates/java/17.0.11-kona/bin/java
# VM options: -javaagent:/home/user/ideaIU-2024.1.4/idea-IU-241.18034.62/lib/idea_rt.jar=42197:/home/user/ideaIU-2024.1.4/idea-IU-241.18034.62/bin -Dfile.encoding=UTF-8
# Warmup: 5 iterations, 10 s each
# Measurement: 5 iterations, 10 s each
# Timeout: 10 min per iteration
# Threads: 1 thread, will synchronize iterations
# Benchmark mode: Average time, time/op
# Benchmark: org.example.TLSCipherSuiteBenchmark.testECDHEDataTransfer

# Run progress: 25.00% complete, ETA 00:11:10
# Fork: 1 of 1
# Warmup Iteration   1: 292.882 ms/op
# Warmup Iteration   2: 300.875 ms/op
# Warmup Iteration   3: 333.843 ms/op
# Warmup Iteration   4: 267.087 ms/op
# Warmup Iteration   5: 264.002 ms/op
Iteration   1: 266.819 ms/op
Iteration   2: 260.244 ms/op
Iteration   3: 267.644 ms/op
Iteration   4: 267.022 ms/op
Iteration   5: 266.584 ms/op


Result "org.example.TLSCipherSuiteBenchmark.testECDHEDataTransfer":
  265.663 ±(99.9%) 11.763 ms/op [Average]
  (min, avg, max) = (260.244, 265.663, 267.644), stdev = 3.055
  CI (99.9%): [253.900, 277.425] (assumes normal distribution)


# JMH version: 1.23
# VM version: JDK 17.0.11, OpenJDK 64-Bit Server VM, 17.0.11+1-LTS
# VM invoker: /home/user/.sdkman/candidates/java/17.0.11-kona/bin/java
# VM options: -javaagent:/home/user/ideaIU-2024.1.4/idea-IU-241.18034.62/lib/idea_rt.jar=42197:/home/user/ideaIU-2024.1.4/idea-IU-241.18034.62/bin -Dfile.encoding=UTF-8
# Warmup: 5 iterations, 10 s each
# Measurement: 5 iterations, 10 s each
# Timeout: 10 min per iteration
# Threads: 1 thread, will synchronize iterations
# Benchmark mode: Average time, time/op
# Benchmark: org.example.TLSCipherSuiteBenchmark.testECDHEMemoryUsage

# Run progress: 37.50% complete, ETA 00:09:08
# Fork: 1 of 1
# Warmup Iteration   1: 155.637 ms/op
# Warmup Iteration   2: 828.241 ms/op
# Warmup Iteration   3: 201.910 ms/op
# Warmup Iteration   4: 145.088 ms/op
# Warmup Iteration   5: 145.438 ms/op
Iteration   1: 150.086 ms/op
Iteration   2: 152.533 ms/op
Iteration   3: 151.478 ms/op
Iteration   4: 143.263 ms/op
Iteration   5: 142.289 ms/op


Result "org.example.TLSCipherSuiteBenchmark.testECDHEMemoryUsage":
  147.930 ±(99.9%) 18.469 ms/op [Average]
  (min, avg, max) = (142.289, 147.930, 152.533), stdev = 4.796
  CI (99.9%): [129.461, 166.399] (assumes normal distribution)


# JMH version: 1.23
# VM version: JDK 17.0.11, OpenJDK 64-Bit Server VM, 17.0.11+1-LTS
# VM invoker: /home/user/.sdkman/candidates/java/17.0.11-kona/bin/java
# VM options: -javaagent:/home/user/ideaIU-2024.1.4/idea-IU-241.18034.62/lib/idea_rt.jar=42197:/home/user/ideaIU-2024.1.4/idea-IU-241.18034.62/bin -Dfile.encoding=UTF-8
# Warmup: 5 iterations, 10 s each
# Measurement: 5 iterations, 10 s each
# Timeout: 10 min per iteration
# Threads: 1 thread, will synchronize iterations
# Benchmark mode: Average time, time/op
# Benchmark: org.example.TLSCipherSuiteBenchmark.testFFDHECPUUsage

# Run progress: 50.00% complete, ETA 00:07:48
# Fork: 1 of 1
# Warmup Iteration   1: 176.036 ms/op
# Warmup Iteration   2: 159.590 ms/op
# Warmup Iteration   3: 448.091 ms/op
# Warmup Iteration   4: 150.862 ms/op
# Warmup Iteration   5: 148.311 ms/op
Iteration   1: 143.139 ms/op
Iteration   2: 7113.015 ms/op
Iteration   3: 250.413 ms/op
Iteration   4: 149.911 ms/op
Iteration   5: 152.430 ms/op


Result "org.example.TLSCipherSuiteBenchmark.testFFDHECPUUsage":
  1561.781 ±(99.9%) 11950.665 ms/op [Average]
  (min, avg, max) = (143.139, 1561.781, 7113.015), stdev = 3103.550
  CI (99.9%): [≈ 0, 13512.446] (assumes normal distribution)


# JMH version: 1.23
# VM version: JDK 17.0.11, OpenJDK 64-Bit Server VM, 17.0.11+1-LTS
# VM invoker: /home/user/.sdkman/candidates/java/17.0.11-kona/bin/java
# VM options: -javaagent:/home/user/ideaIU-2024.1.4/idea-IU-241.18034.62/lib/idea_rt.jar=42197:/home/user/ideaIU-2024.1.4/idea-IU-241.18034.62/bin -Dfile.encoding=UTF-8
# Warmup: 5 iterations, 10 s each
# Measurement: 5 iterations, 10 s each
# Timeout: 10 min per iteration
# Threads: 1 thread, will synchronize iterations
# Benchmark mode: Average time, time/op
# Benchmark: org.example.TLSCipherSuiteBenchmark.testFFDHEConnection

# Run progress: 62.50% complete, ETA 00:05:58
# Fork: 1 of 1
# Warmup Iteration   1: 165.059 ms/op
# Warmup Iteration   2: 158.864 ms/op
# Warmup Iteration   3: 153.938 ms/op
# Warmup Iteration   4: 446.174 ms/op
# Warmup Iteration   5: 460.492 ms/op
Iteration   1: 140.921 ms/op
Iteration   2: 155.559 ms/op
Iteration   3: 358.553 ms/op
Iteration   4: 838.209 ms/op
Iteration   5: 3829.170 ms/op


Result "org.example.TLSCipherSuiteBenchmark.testFFDHEConnection":
  1064.483 ±(99.9%) 6049.355 ms/op [Average]
  (min, avg, max) = (140.921, 1064.483, 3829.170), stdev = 1570.998
  CI (99.9%): [≈ 0, 7113.838] (assumes normal distribution)


# JMH version: 1.23
# VM version: JDK 17.0.11, OpenJDK 64-Bit Server VM, 17.0.11+1-LTS
# VM invoker: /home/user/.sdkman/candidates/java/17.0.11-kona/bin/java
# VM options: -javaagent:/home/user/ideaIU-2024.1.4/idea-IU-241.18034.62/lib/idea_rt.jar=42197:/home/user/ideaIU-2024.1.4/idea-IU-241.18034.62/bin -Dfile.encoding=UTF-8
# Warmup: 5 iterations, 10 s each
# Measurement: 5 iterations, 10 s each
# Timeout: 10 min per iteration
# Threads: 1 thread, will synchronize iterations
# Benchmark mode: Average time, time/op
# Benchmark: org.example.TLSCipherSuiteBenchmark.testFFDHEDataTransfer

# Run progress: 75.00% complete, ETA 00:03:57
# Fork: 1 of 1
# Warmup Iteration   1: 300.362 ms/op
# Warmup Iteration   2: 278.288 ms/op
# Warmup Iteration   3: 282.784 ms/op
# Warmup Iteration   4: 276.996 ms/op
# Warmup Iteration   5: 276.849 ms/op
Iteration   1: 268.802 ms/op
Iteration   2: 375.764 ms/op
Iteration   3: 269.853 ms/op
Iteration   4: 274.096 ms/op
Iteration   5: 1036.559 ms/op


Result "org.example.TLSCipherSuiteBenchmark.testFFDHEDataTransfer":
  445.015 ±(99.9%) 1285.310 ms/op [Average]
  (min, avg, max) = (268.802, 445.015, 1036.559), stdev = 333.791
  CI (99.9%): [≈ 0, 1730.325] (assumes normal distribution)


# JMH version: 1.23
# VM version: JDK 17.0.11, OpenJDK 64-Bit Server VM, 17.0.11+1-LTS
# VM invoker: /home/user/.sdkman/candidates/java/17.0.11-kona/bin/java
# VM options: -javaagent:/home/user/ideaIU-2024.1.4/idea-IU-241.18034.62/lib/idea_rt.jar=42197:/home/user/ideaIU-2024.1.4/idea-IU-241.18034.62/bin -Dfile.encoding=UTF-8
# Warmup: 5 iterations, 10 s each
# Measurement: 5 iterations, 10 s each
# Timeout: 10 min per iteration
# Threads: 1 thread, will synchronize iterations
# Benchmark mode: Average time, time/op
# Benchmark: org.example.TLSCipherSuiteBenchmark.testFFDHEMemoryUsage

# Run progress: 87.50% complete, ETA 00:01:59
# Fork: 1 of 1
# Warmup Iteration   1: 172.498 ms/op
# Warmup Iteration   2: 136.228 ms/op
# Warmup Iteration   3: 143.131 ms/op
# Warmup Iteration   4: 143.874 ms/op
# Warmup Iteration   5: 147.999 ms/op
Iteration   1: 155.195 ms/op
Iteration   2: 146.065 ms/op
Iteration   3: 141.022 ms/op
Iteration   4: 478.361 ms/op
Iteration   5: 518.641 ms/op


Result "org.example.TLSCipherSuiteBenchmark.testFFDHEMemoryUsage":
  287.857 ±(99.9%) 742.730 ms/op [Average]
  (min, avg, max) = (141.022, 287.857, 518.641), stdev = 192.885
  CI (99.9%): [≈ 0, 1030.586] (assumes normal distribution)


# Run complete. Total time: 00:15:54

REMEMBER: The numbers below are just data. To gain reusable insights, you need to follow up on
why the numbers are the way they are. Use profilers (see -prof, -lprof), design factorial
experiments, perform baseline and negative tests that provide experimental control, make sure
the benchmarking environment is safe on JVM/OS/HW level, ask for reviews from the domain experts.
Do not assume the numbers tell you what you want them to tell.

Benchmark                                      Mode  Cnt     Score       Error  Units
TLSCipherSuiteBenchmark.testECDHECPUUsage      avgt    5   322.263 ±  1508.296  ms/op
TLSCipherSuiteBenchmark.testECDHEConnection    avgt    5   142.127 ±     4.017  ms/op
TLSCipherSuiteBenchmark.testECDHEDataTransfer  avgt    5   265.663 ±    11.763  ms/op
TLSCipherSuiteBenchmark.testECDHEMemoryUsage   avgt    5   147.930 ±    18.469  ms/op
TLSCipherSuiteBenchmark.testFFDHECPUUsage      avgt    5  1561.781 ± 11950.665  ms/op
TLSCipherSuiteBenchmark.testFFDHEConnection    avgt    5  1064.483 ±  6049.355  ms/op
TLSCipherSuiteBenchmark.testFFDHEDataTransfer  avgt    5   445.015 ±  1285.310  ms/op
TLSCipherSuiteBenchmark.testFFDHEMemoryUsage   avgt    5   287.857 ±   742.730  ms/op

Process finished with exit code 0
