/home/user/.sdkman/candidates/java/17.0.11-kona/bin/java -javaagent:/home/user/ideaIU-2024.1.4/idea-IU-241.18034.62/lib/idea_rt.jar=33071:/home/user/ideaIU-2024.1.4/idea-IU-241.18034.62/bin -Dfile.encoding=UTF-8 -classpath /home/user/IdeaProjects/test/target/classes:/home/user/.m2/repository/org/openjdk/jmh/jmh-core/1.23/jmh-core-1.23.jar:/home/user/.m2/repository/net/sf/jopt-simple/jopt-simple/4.6/jopt-simple-4.6.jar:/home/user/.m2/repository/org/apache/commons/commons-math3/3.2/commons-math3-3.2.jar:/home/user/.m2/repository/org/openjdk/jmh/jmh-generator-annprocess/1.23/jmh-generator-annprocess-1.23.jar org.example.TLSCipherSuiteBenchmark
# JMH version: 1.23
# VM version: JDK 17.0.11, OpenJDK 64-Bit Server VM, 17.0.11+1-LTS
# VM invoker: /home/user/.sdkman/candidates/java/17.0.11-kona/bin/java
# VM options: -javaagent:/home/user/ideaIU-2024.1.4/idea-IU-241.18034.62/lib/idea_rt.jar=33071:/home/user/ideaIU-2024.1.4/idea-IU-241.18034.62/bin -Dfile.encoding=UTF-8
# Warmup: 5 iterations, 10 s each
# Measurement: 5 iterations, 10 s each
# Timeout: 10 min per iteration
# Threads: 1 thread, will synchronize iterations
# Benchmark mode: Average time, time/op
# Benchmark: org.example.TLSCipherSuiteBenchmark.testECDHECPUUsage

# Run progress: 0.00% complete, ETA 00:13:20
# Fork: 1 of 1
# Warmup Iteration   1: 152.705 ms/op
# Warmup Iteration   2: 138.737 ms/op
# Warmup Iteration   3: 137.215 ms/op
# Warmup Iteration   4: 135.038 ms/op
# Warmup Iteration   5: 150.074 ms/op
Iteration   1: 141.097 ms/op
Iteration   2: 155.697 ms/op
Iteration   3: 147.192 ms/op
Iteration   4: 141.728 ms/op
Iteration   5: 143.243 ms/op


Result "org.example.TLSCipherSuiteBenchmark.testECDHECPUUsage":
  145.791 ±(99.9%) 23.194 ms/op [Average]
  (min, avg, max) = (141.097, 145.791, 155.697), stdev = 6.024
  CI (99.9%): [122.597, 168.986] (assumes normal distribution)


# JMH version: 1.23
# VM version: JDK 17.0.11, OpenJDK 64-Bit Server VM, 17.0.11+1-LTS
# VM invoker: /home/user/.sdkman/candidates/java/17.0.11-kona/bin/java
# VM options: -javaagent:/home/user/ideaIU-2024.1.4/idea-IU-241.18034.62/lib/idea_rt.jar=33071:/home/user/ideaIU-2024.1.4/idea-IU-241.18034.62/bin -Dfile.encoding=UTF-8
# Warmup: 5 iterations, 10 s each
# Measurement: 5 iterations, 10 s each
# Timeout: 10 min per iteration
# Threads: 1 thread, will synchronize iterations
# Benchmark mode: Average time, time/op
# Benchmark: org.example.TLSCipherSuiteBenchmark.testECDHEConnection

# Run progress: 12.50% complete, ETA 00:11:55
# Fork: 1 of 1
# Warmup Iteration   1: 363.754 ms/op
# Warmup Iteration   2: 860.976 ms/op
# Warmup Iteration   3: 560.933 ms/op
# Warmup Iteration   4: 557.712 ms/op
# Warmup Iteration   5: 151.613 ms/op
Iteration   1: 162.391 ms/op
Iteration   2: 159.224 ms/op
Iteration   3: 153.246 ms/op
Iteration   4: 155.919 ms/op
Iteration   5: 154.213 ms/op


Result "org.example.TLSCipherSuiteBenchmark.testECDHEConnection":
  156.999 ±(99.9%) 14.540 ms/op [Average]
  (min, avg, max) = (153.246, 156.999, 162.391), stdev = 3.776
  CI (99.9%): [142.458, 171.539] (assumes normal distribution)


# JMH version: 1.23
# VM version: JDK 17.0.11, OpenJDK 64-Bit Server VM, 17.0.11+1-LTS
# VM invoker: /home/user/.sdkman/candidates/java/17.0.11-kona/bin/java
# VM options: -javaagent:/home/user/ideaIU-2024.1.4/idea-IU-241.18034.62/lib/idea_rt.jar=33071:/home/user/ideaIU-2024.1.4/idea-IU-241.18034.62/bin -Dfile.encoding=UTF-8
# Warmup: 5 iterations, 10 s each
# Measurement: 5 iterations, 10 s each
# Timeout: 10 min per iteration
# Threads: 1 thread, will synchronize iterations
# Benchmark mode: Average time, time/op
# Benchmark: org.example.TLSCipherSuiteBenchmark.testECDHEDataTransfer

# Run progress: 25.00% complete, ETA 00:10:40
# Fork: 1 of 1
# Warmup Iteration   1: 286.939 ms/op
# Warmup Iteration   2: 271.056 ms/op
# Warmup Iteration   3: 281.559 ms/op
# Warmup Iteration   4: 275.842 ms/op
# Warmup Iteration   5: 467.585 ms/op
Iteration   1: 15391.209 ms/op
Iteration   2: 309.789 ms/op
Iteration   3: 282.310 ms/op
Iteration   4:  390.479 ms/op
Iteration   5: 289.601 ms/op


Result "org.example.TLSCipherSuiteBenchmark.testECDHEDataTransfer":
  3332.677 ±(99.9%) 25957.426 ms/op [Average]
  (min, avg, max) = (282.310, 3332.677, 15391.209), stdev = 6741.061
  CI (99.9%): [≈ 0, 29290.103] (assumes normal distribution)


# JMH version: 1.23
# VM version: JDK 17.0.11, OpenJDK 64-Bit Server VM, 17.0.11+1-LTS
# VM invoker: /home/user/.sdkman/candidates/java/17.0.11-kona/bin/java
# VM options: -javaagent:/home/user/ideaIU-2024.1.4/idea-IU-241.18034.62/lib/idea_rt.jar=33071:/home/user/ideaIU-2024.1.4/idea-IU-241.18034.62/bin -Dfile.encoding=UTF-8
# Warmup: 5 iterations, 10 s each
# Measurement: 5 iterations, 10 s each
# Timeout: 10 min per iteration
# Threads: 1 thread, will synchronize iterations
# Benchmark mode: Average time, time/op
# Benchmark: org.example.TLSCipherSuiteBenchmark.testECDHEMemoryUsage

# Run progress: 37.50% complete, ETA 00:08:58
# Fork: 1 of 1
# Warmup Iteration   1: 165.696 ms/op
# Warmup Iteration   2: 1091.762 ms/op
# Warmup Iteration   3: 434.785 ms/op
# Warmup Iteration   4:  200.341 ms/op
# Warmup Iteration   5: 144.400 ms/op
Iteration   1: 145.764 ms/op
Iteration   2: 150.543 ms/op
Iteration   3: 137.771 ms/op
Iteration   4: 144.854 ms/op
Iteration   5: 143.930 ms/op


Result "org.example.TLSCipherSuiteBenchmark.testECDHEMemoryUsage":
  144.572 ±(99.9%) 17.627 ms/op [Average]
  (min, avg, max) = (137.771, 144.572, 150.543), stdev = 4.578
  CI (99.9%): [126.945, 162.199] (assumes normal distribution)


# JMH version: 1.23
# VM version: JDK 17.0.11, OpenJDK 64-Bit Server VM, 17.0.11+1-LTS
# VM invoker: /home/user/.sdkman/candidates/java/17.0.11-kona/bin/java
# VM options: -javaagent:/home/user/ideaIU-2024.1.4/idea-IU-241.18034.62/lib/idea_rt.jar=33071:/home/user/ideaIU-2024.1.4/idea-IU-241.18034.62/bin -Dfile.encoding=UTF-8
# Warmup: 5 iterations, 10 s each
# Measurement: 5 iterations, 10 s each
# Timeout: 10 min per iteration
# Threads: 1 thread, will synchronize iterations
# Benchmark mode: Average time, time/op
# Benchmark: org.example.TLSCipherSuiteBenchmark.testFFDHECPUUsage

# Run progress: 50.00% complete, ETA 00:07:35
# Fork: 1 of 1
# Warmup Iteration   1: 157.386 ms/op
# Warmup Iteration   2: 142.898 ms/op
# Warmup Iteration   3: 143.616 ms/op
# Warmup Iteration   4: 790.533 ms/op
# Warmup Iteration   5: 197.223 ms/op
Iteration   1: 156.710 ms/op
Iteration   2: 412.138 ms/op
Iteration   3: 149.869 ms/op
Iteration   4: 141.392 ms/op
Iteration   5: 145.440 ms/op


Result "org.example.TLSCipherSuiteBenchmark.testFFDHECPUUsage":
  201.110 ±(99.9%) 454.781 ms/op [Average]
  (min, avg, max) = (141.392, 201.110, 412.138), stdev = 118.105
  CI (99.9%): [≈ 0, 655.890] (assumes normal distribution)


# JMH version: 1.23
# VM version: JDK 17.0.11, OpenJDK 64-Bit Server VM, 17.0.11+1-LTS
# VM invoker: /home/user/.sdkman/candidates/java/17.0.11-kona/bin/java
# VM options: -javaagent:/home/user/ideaIU-2024.1.4/idea-IU-241.18034.62/lib/idea_rt.jar=33071:/home/user/ideaIU-2024.1.4/idea-IU-241.18034.62/bin -Dfile.encoding=UTF-8
# Warmup: 5 iterations, 10 s each
# Measurement: 5 iterations, 10 s each
# Timeout: 10 min per iteration
# Threads: 1 thread, will synchronize iterations
# Benchmark mode: Average time, time/op
# Benchmark: org.example.TLSCipherSuiteBenchmark.testFFDHEConnection

# Run progress: 62.50% complete, ETA 00:05:47
# Fork: 1 of 1
# Warmup Iteration   1: 159.037 ms/op
# Warmup Iteration   2: 143.027 ms/op
# Warmup Iteration   3: 143.108 ms/op
# Warmup Iteration   4: 150.668 ms/op
# Warmup Iteration   5: 476.286 ms/op
Iteration   1: 165.261 ms/op
Iteration   2: 145.866 ms/op
Iteration   3: 788.391 ms/op
Iteration   4: 227.101 ms/op
Iteration   5: 138.695 ms/op


Result "org.example.TLSCipherSuiteBenchmark.testFFDHEConnection":
  293.063 ±(99.9%) 1074.616 ms/op [Average]
  (min, avg, max) = (138.695, 293.063, 788.391), stdev = 279.074
  CI (99.9%): [≈ 0, 1367.679] (assumes normal distribution)


# JMH version: 1.23
# VM version: JDK 17.0.11, OpenJDK 64-Bit Server VM, 17.0.11+1-LTS
# VM invoker: /home/user/.sdkman/candidates/java/17.0.11-kona/bin/java
# VM options: -javaagent:/home/user/ideaIU-2024.1.4/idea-IU-241.18034.62/lib/idea_rt.jar=33071:/home/user/ideaIU-2024.1.4/idea-IU-241.18034.62/bin -Dfile.encoding=UTF-8
# Warmup: 5 iterations, 10 s each
# Measurement: 5 iterations, 10 s each
# Timeout: 10 min per iteration
# Threads: 1 thread, will synchronize iterations
# Benchmark mode: Average time, time/op
# Benchmark: org.example.TLSCipherSuiteBenchmark.testFFDHEDataTransfer

# Run progress: 75.00% complete, ETA 00:03:53
# Fork: 1 of 1
# Warmup Iteration   1: 301.832 ms/op
# Warmup Iteration   2: 275.449 ms/op
# Warmup Iteration   3: 389.297 ms/op
# Warmup Iteration   4: 275.200 ms/op
# Warmup Iteration   5: 282.200 ms/op
Iteration   1: 286.430 ms/op
Iteration   2: 278.037 ms/op
Iteration   3: 268.979 ms/op
Iteration   4: 280.451 ms/op
Iteration   5: 276.560 ms/op


Result "org.example.TLSCipherSuiteBenchmark.testFFDHEDataTransfer":
  278.091 ±(99.9%) 24.390 ms/op [Average]
  (min, avg, max) = (268.979, 278.091, 286.430), stdev = 6.334
  CI (99.9%): [253.701, 302.482] (assumes normal distribution)


# JMH version: 1.23
# VM version: JDK 17.0.11, OpenJDK 64-Bit Server VM, 17.0.11+1-LTS
# VM invoker: /home/user/.sdkman/candidates/java/17.0.11-kona/bin/java
# VM options: -javaagent:/home/user/ideaIU-2024.1.4/idea-IU-241.18034.62/lib/idea_rt.jar=33071:/home/user/ideaIU-2024.1.4/idea-IU-241.18034.62/bin -Dfile.encoding=UTF-8
# Warmup: 5 iterations, 10 s each
# Measurement: 5 iterations, 10 s each
# Timeout: 10 min per iteration
# Threads: 1 thread, will synchronize iterations
# Benchmark mode: Average time, time/op
# Benchmark: org.example.TLSCipherSuiteBenchmark.testFFDHEMemoryUsage

# Run progress: 87.50% complete, ETA 00:01:54
# Fork: 1 of 1
# Warmup Iteration   1: 158.172 ms/op
# Warmup Iteration   2: 144.666 ms/op
# Warmup Iteration   3: 147.182 ms/op
# Warmup Iteration   4: 140.024 ms/op
# Warmup Iteration   5: 142.360 ms/op
Iteration   1: 357.440 ms/op
Iteration   2: 141.785 ms/op
Iteration   3: 137.762 ms/op
Iteration   4: 205.946 ms/op
Iteration   5: 349.022 ms/op


Result "org.example.TLSCipherSuiteBenchmark.testFFDHEMemoryUsage":
  238.391 ±(99.9%) 417.060 ms/op [Average]
  (min, avg, max) = (137.762, 238.391, 357.440), stdev = 108.309
  CI (99.9%): [≈ 0, 655.451] (assumes normal distribution)


# Run complete. Total time: 00:15:20

REMEMBER: The numbers below are just data. To gain reusable insights, you need to follow up on
why the numbers are the way they are. Use profilers (see -prof, -lprof), design factorial
experiments, perform baseline and negative tests that provide experimental control, make sure
the benchmarking environment is safe on JVM/OS/HW level, ask for reviews from the domain experts.
Do not assume the numbers tell you what you want them to tell.

Benchmark                                      Mode  Cnt     Score       Error  Units
TLSCipherSuiteBenchmark.testECDHECPUUsage      avgt    5   145.791 ±    23.194  ms/op
TLSCipherSuiteBenchmark.testECDHEConnection    avgt    5   156.999 ±    14.540  ms/op
TLSCipherSuiteBenchmark.testECDHEDataTransfer  avgt    5  3332.677 ± 25957.426  ms/op
TLSCipherSuiteBenchmark.testECDHEMemoryUsage   avgt    5   144.572 ±    17.627  ms/op
TLSCipherSuiteBenchmark.testFFDHECPUUsage      avgt    5   201.110 ±   454.781  ms/op
TLSCipherSuiteBenchmark.testFFDHEConnection    avgt    5   293.063 ±  1074.616  ms/op
TLSCipherSuiteBenchmark.testFFDHEDataTransfer  avgt    5   278.091 ±    24.390  ms/op
TLSCipherSuiteBenchmark.testFFDHEMemoryUsage   avgt    5   238.391 ±   417.060  ms/op

Process finished with exit code 0

